[2025-10-04T12:48:21.034+0000] {manager.py:483} INFO - Processing files using up to 2 processes at a time 
[2025-10-04T12:48:21.034+0000] {manager.py:484} INFO - Process each file at most once every 30 seconds
[2025-10-04T12:48:21.035+0000] {manager.py:485} INFO - Checking for new files in /opt/airflow/dags every 300 seconds
[2025-10-04T12:48:21.036+0000] {manager.py:821} INFO - Searching for files in /opt/airflow/dags
[2025-10-04T12:48:21.291+0000] {manager.py:824} INFO - There are 1 files in /opt/airflow/dags
[2025-10-04T12:48:24.274+0000] {manager.py:997} INFO - 
================================================================================
DAG File Processing Stats

File Path                                    PID  Runtime      # DAGs    # Errors  Last Runtime    Last Run      Last # of DB Queries
-----------------------------------------  -----  ---------  --------  ----------  --------------  ----------  ----------------------
/opt/airflow/dags/bronze_to_silver_dag.py    159  0.66s             0           0                                                   0
================================================================================
[2025-10-04T12:48:54.600+0000] {manager.py:997} INFO - 
================================================================================
DAG File Processing Stats

File Path                                  PID    Runtime      # DAGs    # Errors  Last Runtime    Last Run               Last # of DB Queries
-----------------------------------------  -----  ---------  --------  ----------  --------------  -------------------  ----------------------
/opt/airflow/dags/bronze_to_silver_dag.py                           1           0  8.70s           2025-10-04T12:48:32                      42
================================================================================
[2025-10-04T12:49:24.869+0000] {manager.py:997} INFO - 
================================================================================
DAG File Processing Stats

File Path                                  PID    Runtime      # DAGs    # Errors  Last Runtime    Last Run               Last # of DB Queries
-----------------------------------------  -----  ---------  --------  ----------  --------------  -------------------  ----------------------
/opt/airflow/dags/bronze_to_silver_dag.py                           1           0  2.95s           2025-10-04T12:49:05                      12
================================================================================
[2025-10-04T12:49:55.470+0000] {manager.py:997} INFO - 
================================================================================
DAG File Processing Stats

File Path                                  PID    Runtime      # DAGs    # Errors  Last Runtime    Last Run               Last # of DB Queries
-----------------------------------------  -----  ---------  --------  ----------  --------------  -------------------  ----------------------
/opt/airflow/dags/bronze_to_silver_dag.py                           1           0  2.04s           2025-10-04T12:49:37                      12
================================================================================
[2025-10-04T12:50:26.393+0000] {manager.py:997} INFO - 
================================================================================
DAG File Processing Stats

File Path                                  PID    Runtime      # DAGs    # Errors  Last Runtime    Last Run               Last # of DB Queries
-----------------------------------------  -----  ---------  --------  ----------  --------------  -------------------  ----------------------
/opt/airflow/dags/bronze_to_silver_dag.py                           1           0  2.20s           2025-10-04T12:50:10                      12
================================================================================
[2025-10-04T12:50:56.604+0000] {manager.py:997} INFO - 
================================================================================
DAG File Processing Stats

File Path                                  PID    Runtime      # DAGs    # Errors  Last Runtime    Last Run               Last # of DB Queries
-----------------------------------------  -----  ---------  --------  ----------  --------------  -------------------  ----------------------
/opt/airflow/dags/bronze_to_silver_dag.py                           1           0  6.02s           2025-10-04T12:50:46                      12
================================================================================
[2025-10-04T12:51:26.910+0000] {manager.py:997} INFO - 
================================================================================
DAG File Processing Stats

File Path                                    PID  Runtime      # DAGs    # Errors  Last Runtime    Last Run               Last # of DB Queries
-----------------------------------------  -----  ---------  --------  ----------  --------------  -------------------  ----------------------
/opt/airflow/dags/bronze_to_silver_dag.py    190  10.07s            1           0  6.02s           2025-10-04T12:50:46                      12
================================================================================
[2025-10-04T12:51:59.353+0000] {manager.py:997} INFO - 
================================================================================
DAG File Processing Stats

File Path                                  PID    Runtime      # DAGs    # Errors  Last Runtime    Last Run               Last # of DB Queries
-----------------------------------------  -----  ---------  --------  ----------  --------------  -------------------  ----------------------
/opt/airflow/dags/bronze_to_silver_dag.py                           1           0  15.34s          2025-10-04T12:51:32                      12
================================================================================
[2025-10-04T12:52:29.732+0000] {manager.py:997} INFO - 
================================================================================
DAG File Processing Stats

File Path                                  PID    Runtime      # DAGs    # Errors  Last Runtime    Last Run               Last # of DB Queries
-----------------------------------------  -----  ---------  --------  ----------  --------------  -------------------  ----------------------
/opt/airflow/dags/bronze_to_silver_dag.py                           1           0  1.01s           2025-10-04T12:52:03                      12
================================================================================
[2025-10-04T12:53:00.269+0000] {manager.py:997} INFO - 
================================================================================
DAG File Processing Stats

File Path                                  PID    Runtime      # DAGs    # Errors  Last Runtime    Last Run               Last # of DB Queries
-----------------------------------------  -----  ---------  --------  ----------  --------------  -------------------  ----------------------
/opt/airflow/dags/bronze_to_silver_dag.py                           1           0  2.32s           2025-10-04T12:52:36                      12
================================================================================
[2025-10-04T12:53:21.249+0000] {manager.py:821} INFO - Searching for files in /opt/airflow/dags
[2025-10-04T12:53:21.274+0000] {manager.py:824} INFO - There are 1 files in /opt/airflow/dags
[2025-10-04T12:53:32.355+0000] {manager.py:997} INFO - 
================================================================================
DAG File Processing Stats

File Path                                  PID    Runtime      # DAGs    # Errors  Last Runtime    Last Run               Last # of DB Queries
-----------------------------------------  -----  ---------  --------  ----------  --------------  -------------------  ----------------------
/opt/airflow/dags/bronze_to_silver_dag.py                           1           0  2.69s           2025-10-04T12:53:09                      12
================================================================================
[2025-10-04T12:54:03.102+0000] {manager.py:997} INFO - 
================================================================================
DAG File Processing Stats

File Path                                  PID    Runtime      # DAGs    # Errors  Last Runtime    Last Run               Last # of DB Queries
-----------------------------------------  -----  ---------  --------  ----------  --------------  -------------------  ----------------------
/opt/airflow/dags/bronze_to_silver_dag.py                           1           0  1.17s           2025-10-04T12:53:41                      12
================================================================================
[2025-10-04T12:54:33.627+0000] {manager.py:997} INFO - 
================================================================================
DAG File Processing Stats

File Path                                  PID    Runtime      # DAGs    # Errors  Last Runtime    Last Run               Last # of DB Queries
-----------------------------------------  -----  ---------  --------  ----------  --------------  -------------------  ----------------------
/opt/airflow/dags/bronze_to_silver_dag.py                           1           0  1.76s           2025-10-04T12:54:07                      12
================================================================================
[2025-10-04T12:55:04.197+0000] {manager.py:997} INFO - 
================================================================================
DAG File Processing Stats

File Path                                  PID    Runtime      # DAGs    # Errors  Last Runtime    Last Run               Last # of DB Queries
-----------------------------------------  -----  ---------  --------  ----------  --------------  -------------------  ----------------------
/opt/airflow/dags/bronze_to_silver_dag.py                           1           0  0.86s           2025-10-04T12:54:56                      12
================================================================================
[2025-10-04T12:55:34.210+0000] {manager.py:997} INFO - 
================================================================================
DAG File Processing Stats

File Path                                  PID    Runtime      # DAGs    # Errors  Last Runtime    Last Run               Last # of DB Queries
-----------------------------------------  -----  ---------  --------  ----------  --------------  -------------------  ----------------------
/opt/airflow/dags/bronze_to_silver_dag.py                           1           0  0.81s           2025-10-04T12:55:27                      12
================================================================================
[2025-10-04T12:56:04.251+0000] {manager.py:997} INFO - 
================================================================================
DAG File Processing Stats

File Path                                  PID    Runtime      # DAGs    # Errors  Last Runtime    Last Run               Last # of DB Queries
-----------------------------------------  -----  ---------  --------  ----------  --------------  -------------------  ----------------------
/opt/airflow/dags/bronze_to_silver_dag.py                           1           0  0.85s           2025-10-04T12:55:58                      12
================================================================================
[2025-10-04T12:56:34.909+0000] {manager.py:997} INFO - 
================================================================================
DAG File Processing Stats

File Path                                  PID    Runtime      # DAGs    # Errors  Last Runtime    Last Run               Last # of DB Queries
-----------------------------------------  -----  ---------  --------  ----------  --------------  -------------------  ----------------------
/opt/airflow/dags/bronze_to_silver_dag.py                           1           0  0.74s           2025-10-04T12:56:29                      12
================================================================================
[2025-10-04T12:57:04.995+0000] {manager.py:997} INFO - 
================================================================================
DAG File Processing Stats

File Path                                  PID    Runtime      # DAGs    # Errors  Last Runtime    Last Run               Last # of DB Queries
-----------------------------------------  -----  ---------  --------  ----------  --------------  -------------------  ----------------------
/opt/airflow/dags/bronze_to_silver_dag.py                           1           0  0.77s           2025-10-04T12:56:59                      12
================================================================================
[2025-10-04T12:57:35.569+0000] {manager.py:997} INFO - 
================================================================================
DAG File Processing Stats

File Path                                  PID    Runtime      # DAGs    # Errors  Last Runtime    Last Run               Last # of DB Queries
-----------------------------------------  -----  ---------  --------  ----------  --------------  -------------------  ----------------------
/opt/airflow/dags/bronze_to_silver_dag.py                           1           0  0.79s           2025-10-04T12:57:30                      12
================================================================================
[2025-10-04T12:58:05.750+0000] {manager.py:997} INFO - 
================================================================================
DAG File Processing Stats

File Path                                  PID    Runtime      # DAGs    # Errors  Last Runtime    Last Run               Last # of DB Queries
-----------------------------------------  -----  ---------  --------  ----------  --------------  -------------------  ----------------------
/opt/airflow/dags/bronze_to_silver_dag.py                           1           0  0.81s           2025-10-04T12:58:02                      12
================================================================================
[2025-10-04T12:58:21.850+0000] {manager.py:821} INFO - Searching for files in /opt/airflow/dags
[2025-10-04T12:58:21.870+0000] {manager.py:824} INFO - There are 1 files in /opt/airflow/dags
[2025-10-04T12:58:35.968+0000] {manager.py:997} INFO - 
================================================================================
DAG File Processing Stats

File Path                                  PID    Runtime      # DAGs    # Errors  Last Runtime    Last Run               Last # of DB Queries
-----------------------------------------  -----  ---------  --------  ----------  --------------  -------------------  ----------------------
/opt/airflow/dags/bronze_to_silver_dag.py                           1           0  0.86s           2025-10-04T12:58:33                      12
================================================================================
[2025-10-04T12:59:06.292+0000] {manager.py:997} INFO - 
================================================================================
DAG File Processing Stats

File Path                                  PID    Runtime      # DAGs    # Errors  Last Runtime    Last Run               Last # of DB Queries
-----------------------------------------  -----  ---------  --------  ----------  --------------  -------------------  ----------------------
/opt/airflow/dags/bronze_to_silver_dag.py                           1           0  0.80s           2025-10-04T12:59:03                      12
================================================================================
[2025-10-04T12:59:36.470+0000] {manager.py:997} INFO - 
================================================================================
DAG File Processing Stats

File Path                                  PID    Runtime      # DAGs    # Errors  Last Runtime    Last Run               Last # of DB Queries
-----------------------------------------  -----  ---------  --------  ----------  --------------  -------------------  ----------------------
/opt/airflow/dags/bronze_to_silver_dag.py                           1           0  0.85s           2025-10-04T12:59:35                      12
================================================================================
[2025-10-04T13:00:06.663+0000] {manager.py:997} INFO - 
================================================================================
DAG File Processing Stats

File Path                                  PID    Runtime      # DAGs    # Errors  Last Runtime    Last Run               Last # of DB Queries
-----------------------------------------  -----  ---------  --------  ----------  --------------  -------------------  ----------------------
/opt/airflow/dags/bronze_to_silver_dag.py                           1           0  0.79s           2025-10-04T13:00:05                      12
================================================================================
[2025-10-04T13:00:08.430+0000] {manager.py:465} INFO - Exiting gracefully upon receiving signal 15
[2025-10-04T13:01:14.900+0000] {manager.py:483} INFO - Processing files using up to 2 processes at a time 
[2025-10-04T13:01:14.902+0000] {manager.py:484} INFO - Process each file at most once every 30 seconds
[2025-10-04T13:01:14.904+0000] {manager.py:485} INFO - Checking for new files in /opt/airflow/dags every 300 seconds
[2025-10-04T13:01:14.905+0000] {manager.py:821} INFO - Searching for files in /opt/airflow/dags
[2025-10-04T13:01:14.978+0000] {manager.py:824} INFO - There are 1 files in /opt/airflow/dags
[2025-10-04T13:01:16.585+0000] {manager.py:997} INFO - 
================================================================================
DAG File Processing Stats

File Path                                    PID  Runtime      # DAGs    # Errors  Last Runtime    Last Run      Last # of DB Queries
-----------------------------------------  -----  ---------  --------  ----------  --------------  ----------  ----------------------
/opt/airflow/dags/bronze_to_silver_dag.py    160  0.04s             0           0                                                   0
================================================================================
[2025-10-04T13:01:46.841+0000] {manager.py:997} INFO - 
================================================================================
DAG File Processing Stats

File Path                                  PID    Runtime      # DAGs    # Errors  Last Runtime    Last Run               Last # of DB Queries
-----------------------------------------  -----  ---------  --------  ----------  --------------  -------------------  ----------------------
/opt/airflow/dags/bronze_to_silver_dag.py                           1           0  2.56s           2025-10-04T13:01:19                      12
================================================================================
[2025-10-04T13:02:17.105+0000] {manager.py:997} INFO - 
================================================================================
DAG File Processing Stats

File Path                                  PID    Runtime      # DAGs    # Errors  Last Runtime    Last Run               Last # of DB Queries
-----------------------------------------  -----  ---------  --------  ----------  --------------  -------------------  ----------------------
/opt/airflow/dags/bronze_to_silver_dag.py                           1           0  1.78s           2025-10-04T13:01:51                      12
================================================================================
[2025-10-04T13:02:47.539+0000] {manager.py:997} INFO - 
================================================================================
DAG File Processing Stats

File Path                                  PID    Runtime      # DAGs    # Errors  Last Runtime    Last Run               Last # of DB Queries
-----------------------------------------  -----  ---------  --------  ----------  --------------  -------------------  ----------------------
/opt/airflow/dags/bronze_to_silver_dag.py                           1           0  2.03s           2025-10-04T13:02:23                      12
================================================================================
[2025-10-04T13:03:17.776+0000] {manager.py:997} INFO - 
================================================================================
DAG File Processing Stats

File Path                                  PID    Runtime      # DAGs    # Errors  Last Runtime    Last Run               Last # of DB Queries
-----------------------------------------  -----  ---------  --------  ----------  --------------  -------------------  ----------------------
/opt/airflow/dags/bronze_to_silver_dag.py                           1           0  1.91s           2025-10-04T13:02:55                      12
================================================================================
[2025-10-04T13:03:48.121+0000] {manager.py:997} INFO - 
================================================================================
DAG File Processing Stats

File Path                                  PID    Runtime      # DAGs    # Errors  Last Runtime    Last Run               Last # of DB Queries
-----------------------------------------  -----  ---------  --------  ----------  --------------  -------------------  ----------------------
/opt/airflow/dags/bronze_to_silver_dag.py                           1           0  2.01s           2025-10-04T13:03:27                      12
================================================================================
[2025-10-04T13:04:18.433+0000] {manager.py:997} INFO - 
================================================================================
DAG File Processing Stats

File Path                                  PID    Runtime      # DAGs    # Errors  Last Runtime    Last Run               Last # of DB Queries
-----------------------------------------  -----  ---------  --------  ----------  --------------  -------------------  ----------------------
/opt/airflow/dags/bronze_to_silver_dag.py                           1           0  0.98s           2025-10-04T13:03:59                      12
================================================================================
[2025-10-04T13:05:00.328+0000] {manager.py:997} INFO - 
================================================================================
DAG File Processing Stats

File Path                                  PID    Runtime      # DAGs    # Errors  Last Runtime    Last Run               Last # of DB Queries
-----------------------------------------  -----  ---------  --------  ----------  --------------  -------------------  ----------------------
/opt/airflow/dags/bronze_to_silver_dag.py                           1           0  2.58s           2025-10-04T13:04:32                      12
================================================================================
[2025-10-04T13:05:31.165+0000] {manager.py:997} INFO - 
================================================================================
DAG File Processing Stats

File Path                                    PID  Runtime      # DAGs    # Errors  Last Runtime    Last Run               Last # of DB Queries
-----------------------------------------  -----  ---------  --------  ----------  --------------  -------------------  ----------------------
/opt/airflow/dags/bronze_to_silver_dag.py    228  1.03s             1           0  5.21s           2025-10-04T13:05:08                      12
================================================================================
[2025-10-04T13:05:56.149+0000] {manager.py:465} INFO - Exiting gracefully upon receiving signal 15
